<?xml version="1.0" encoding="UTF-8"?>
<testng-results skipped="0" failed="0" ignored="0" total="5" passed="5">
  <reporter-output>
  </reporter-output>
  <suite name="Testing DemoBlaze" duration-ms="34484" started-at="2022-12-21T02:20:14 PST" finished-at="2022-12-21T02:20:49 PST">
    <groups>
      <group name="SR-12120">
        <method signature="SR_12120.testProductDetails()[pri:0, instance:tests.SR_12120@5b7ea70d]" name="testProductDetails" class="tests.SR_12120"/>
      </group> <!-- SR-12120 -->
      <group name="SR-12121">
        <method signature="SR_12121.testAlertCartButton()[pri:0, instance:tests.SR_12121@297ea53a]" name="testAlertCartButton" class="tests.SR_12121"/>
      </group> <!-- SR-12121 -->
      <group name="SR-12111">
        <method signature="SR_12111.testCategories()[pri:0, instance:tests.SR_12111@5bd82fed]" name="testCategories" class="tests.SR_12111"/>
      </group> <!-- SR-12111 -->
      <group name="SR_12131">
        <method signature="SR_12130.testFinishPurchase()[pri:2, instance:tests.SR_12130@3a1d593e]" name="testFinishPurchase" class="tests.SR_12130"/>
      </group> <!-- SR_12131 -->
      <group name="SR_12130">
        <method signature="SR_12130.testListCart()[pri:1, instance:tests.SR_12130@3a1d593e]" name="testListCart" class="tests.SR_12130"/>
      </group> <!-- SR_12130 -->
    </groups>
    <test name="Test: Main Page Categories" duration-ms="1967" started-at="2022-12-21T02:20:14 PST" finished-at="2022-12-21T02:20:16 PST">
      <class name="tests.SR_12111">
        <test-method status="PASS" signature="beforeClass()[pri:0, instance:tests.SR_12111@5bd82fed]" name="beforeClass" is-config="true" duration-ms="145" started-at="2022-12-21T02:20:15 PST" finished-at="2022-12-21T02:20:15 PST">
          <reporter-output>
          </reporter-output>
        </test-method> <!-- beforeClass -->
        <test-method status="PASS" signature="testCategories()[pri:0, instance:tests.SR_12111@5bd82fed]" name="testCategories" duration-ms="743" started-at="2022-12-21T02:20:15 PST" description="SR-12111: Test to verify that the three categories appear on the left on the home page" finished-at="2022-12-21T02:20:15 PST">
          <reporter-output>
          </reporter-output>
        </test-method> <!-- testCategories -->
        <test-method status="PASS" signature="afterTest()[pri:0, instance:tests.SR_12111@5bd82fed]" name="afterTest" is-config="true" duration-ms="928" started-at="2022-12-21T02:20:15 PST" finished-at="2022-12-21T02:20:16 PST">
          <reporter-output>
          </reporter-output>
        </test-method> <!-- afterTest -->
      </class> <!-- tests.SR_12111 -->
    </test> <!-- Test: Main Page Categories -->
    <test name="Test: Elements Product" duration-ms="2293" started-at="2022-12-21T02:20:16 PST" finished-at="2022-12-21T02:20:19 PST">
      <class name="tests.SR_12120">
        <test-method status="PASS" signature="beforeClass()[pri:0, instance:tests.SR_12120@5b7ea70d]" name="beforeClass" is-config="true" duration-ms="4" started-at="2022-12-21T02:20:16 PST" finished-at="2022-12-21T02:20:16 PST">
          <reporter-output>
          </reporter-output>
        </test-method> <!-- beforeClass -->
        <test-method status="PASS" signature="testProductDetails()[pri:0, instance:tests.SR_12120@5b7ea70d]" name="testProductDetails" duration-ms="1269" started-at="2022-12-21T02:20:16 PST" description="SR-12120: Test to click on a displayed product and verify that the product elements are displayed" finished-at="2022-12-21T02:20:18 PST">
          <reporter-output>
          </reporter-output>
        </test-method> <!-- testProductDetails -->
        <test-method status="PASS" signature="afterTest()[pri:0, instance:tests.SR_12120@5b7ea70d]" name="afterTest" is-config="true" duration-ms="1018" started-at="2022-12-21T02:20:18 PST" finished-at="2022-12-21T02:20:19 PST">
          <reporter-output>
          </reporter-output>
        </test-method> <!-- afterTest -->
      </class> <!-- tests.SR_12120 -->
    </test> <!-- Test: Elements Product -->
    <test name="Test: Alert for add product" duration-ms="2465" started-at="2022-12-21T02:20:19 PST" finished-at="2022-12-21T02:20:21 PST">
      <class name="tests.SR_12121">
        <test-method status="PASS" signature="beforeClass()[pri:0, instance:tests.SR_12121@297ea53a]" name="beforeClass" is-config="true" duration-ms="2" started-at="2022-12-21T02:20:19 PST" finished-at="2022-12-21T02:20:19 PST">
          <reporter-output>
          </reporter-output>
        </test-method> <!-- beforeClass -->
        <test-method status="PASS" signature="testAlertCartButton()[pri:0, instance:tests.SR_12121@297ea53a]" name="testAlertCartButton" duration-ms="1600" started-at="2022-12-21T02:20:19 PST" description="SR-12121: Test to click on the first product displayed and click on “Add to cart” to view alert" finished-at="2022-12-21T02:20:20 PST">
          <reporter-output>
          </reporter-output>
        </test-method> <!-- testAlertCartButton -->
        <test-method status="PASS" signature="afterTest()[pri:0, instance:tests.SR_12121@297ea53a]" name="afterTest" is-config="true" duration-ms="861" started-at="2022-12-21T02:20:20 PST" finished-at="2022-12-21T02:20:21 PST">
          <reporter-output>
          </reporter-output>
        </test-method> <!-- afterTest -->
      </class> <!-- tests.SR_12121 -->
    </test> <!-- Test: Alert for add product -->
    <test name="Test: Purchase Cart List" duration-ms="27724" started-at="2022-12-21T02:20:21 PST" finished-at="2022-12-21T02:20:49 PST">
      <class name="tests.SR_12130">
        <test-method status="PASS" signature="beforeClass()[pri:0, instance:tests.SR_12130@3a1d593e]" name="beforeClass" is-config="true" duration-ms="28" started-at="2022-12-21T02:20:21 PST" finished-at="2022-12-21T02:20:21 PST">
          <reporter-output>
          </reporter-output>
        </test-method> <!-- beforeClass -->
        <test-method status="PASS" signature="testListCart()[pri:1, instance:tests.SR_12130@3a1d593e]" name="testListCart" duration-ms="24945" started-at="2022-12-21T02:20:21 PST" description="SR-12130: Test to click the cart link will display below information about all products added" finished-at="2022-12-21T02:20:46 PST">
          <reporter-output>
          </reporter-output>
        </test-method> <!-- testListCart -->
        <test-method status="PASS" signature="testFinishPurchase()[pri:2, instance:tests.SR_12130@3a1d593e]" name="testFinishPurchase" duration-ms="1834" started-at="2022-12-21T02:20:46 PST" description="SR_12131: Test to finish purchase successfully" finished-at="2022-12-21T02:20:48 PST">
          <reporter-output>
          </reporter-output>
        </test-method> <!-- testFinishPurchase -->
        <test-method status="PASS" signature="afterTest()[pri:0, instance:tests.SR_12130@3a1d593e]" name="afterTest" is-config="true" duration-ms="913" started-at="2022-12-21T02:20:48 PST" finished-at="2022-12-21T02:20:49 PST">
          <reporter-output>
          </reporter-output>
        </test-method> <!-- afterTest -->
      </class> <!-- tests.SR_12130 -->
    </test> <!-- Test: Purchase Cart List -->
  </suite> <!-- Testing DemoBlaze -->
</testng-results>
